  ActionNode.cpp
  Agent.cpp
  AIE_Starter.cpp
  Behaviour.cpp
  Condition.cpp
  Decision.cpp
  DecisionTree.cpp
  DistanceCondition.cpp
  FiniteStateMachine.cpp
  FollowBehaviour.cpp
  GoToPointBehaviour.cpp
  NodeMap.cpp
  PathAgent.cpp
  Pathfinding.cpp
  QuestionNode.cpp
  SelectorBehaviour.cpp
  State.cpp
  WanderBehaviour.cpp
  Generating Code...
  AIE_Starter.vcxproj -> C:\Users\bradl\Downloads\AIForGamesAssessment4-main\AIForGamesAssessment4-main\Decision Tree - BRobertson\x64\Debug\AIE_Starter.exe
