c:\github\decisiontree\decision tree - brobertson\aie_starter\x64\debug\vc143.pdb
c:\github\decisiontree\decision tree - brobertson\aie_starter\x64\debug\vc143.idb
c:\github\decisiontree\decision tree - brobertson\aie_starter\x64\debug\wanderbehaviour.obj
c:\github\decisiontree\decision tree - brobertson\aie_starter\x64\debug\questionnode.obj
c:\github\decisiontree\decision tree - brobertson\aie_starter\x64\debug\pathfinding.obj
c:\github\decisiontree\decision tree - brobertson\aie_starter\x64\debug\pathagent.obj
c:\github\decisiontree\decision tree - brobertson\aie_starter\x64\debug\nodemap.obj
c:\github\decisiontree\decision tree - brobertson\aie_starter\x64\debug\gotopointbehaviour.obj
c:\github\decisiontree\decision tree - brobertson\aie_starter\x64\debug\followbehaviour.obj
c:\github\decisiontree\decision tree - brobertson\aie_starter\x64\debug\distancecondition.obj
c:\github\decisiontree\decision tree - brobertson\aie_starter\x64\debug\decisiontree.obj
c:\github\decisiontree\decision tree - brobertson\aie_starter\x64\debug\decision.obj
c:\github\decisiontree\decision tree - brobertson\aie_starter\x64\debug\condition.obj
c:\github\decisiontree\decision tree - brobertson\aie_starter\x64\debug\behaviour.obj
c:\github\decisiontree\decision tree - brobertson\aie_starter\x64\debug\aie_starter.obj
c:\github\decisiontree\decision tree - brobertson\aie_starter\x64\debug\agent.obj
c:\github\decisiontree\decision tree - brobertson\aie_starter\x64\debug\actionnode.obj
c:\github\decisiontree\decision tree - brobertson\x64\debug\aie_starter.exe
c:\github\decisiontree\decision tree - brobertson\x64\debug\aie_starter.pdb
c:\github\decisiontree\decision tree - brobertson\aie_starter\x64\debug\aie_starter.ilk
c:\github\decisiontree\decision tree - brobertson\aie_starter\x64\debug\aie_starter.tlog\cl.command.1.tlog
c:\github\decisiontree\decision tree - brobertson\aie_starter\x64\debug\aie_starter.tlog\cl.items.tlog
c:\github\decisiontree\decision tree - brobertson\aie_starter\x64\debug\aie_starter.tlog\cl.read.1.tlog
c:\github\decisiontree\decision tree - brobertson\aie_starter\x64\debug\aie_starter.tlog\cl.write.1.tlog
c:\github\decisiontree\decision tree - brobertson\aie_starter\x64\debug\aie_starter.tlog\link.command.1.tlog
c:\github\decisiontree\decision tree - brobertson\aie_starter\x64\debug\aie_starter.tlog\link.read.1.tlog
c:\github\decisiontree\decision tree - brobertson\aie_starter\x64\debug\aie_starter.tlog\link.secondary.1.tlog
c:\github\decisiontree\decision tree - brobertson\aie_starter\x64\debug\aie_starter.tlog\link.write.1.tlog
